[0.859s] Invoking command in '/home/shiba777/ros2_ws/src/mypkg': PYTHONPATH=/home/shiba777/ros2_ws/src/mypkg/build/mypkg/prefix_override:/home/shiba777/ros2_ws/src/mypkg/install/mypkg/lib/python3.8/site-packages:${PYTHONPATH} /usr/bin/python3 setup.py egg_info --egg-base build/mypkg build --build-base /home/shiba777/ros2_ws/src/mypkg/build/mypkg/build install --record /home/shiba777/ros2_ws/src/mypkg/build/mypkg/install.log --install-scripts $base/lib/mypkg --single-version-externally-managed
[1.026s] running egg_info
[1.027s] writing build/mypkg/mypkg.egg-info/PKG-INFO
[1.027s] writing dependency_links to build/mypkg/mypkg.egg-info/dependency_links.txt
[1.028s] writing entry points to build/mypkg/mypkg.egg-info/entry_points.txt
[1.028s] writing requirements to build/mypkg/mypkg.egg-info/requires.txt
[1.028s] writing top-level names to build/mypkg/mypkg.egg-info/top_level.txt
[1.064s] reading manifest file 'build/mypkg/mypkg.egg-info/SOURCES.txt'
[1.064s] writing manifest file 'build/mypkg/mypkg.egg-info/SOURCES.txt'
[1.064s] running build
[1.064s] running build_py
[1.064s] copying mypkg/listener.py -> /home/shiba777/ros2_ws/src/mypkg/build/mypkg/build/lib/mypkg
[1.065s] running install
[1.066s] running install_lib
[1.066s] copying /home/shiba777/ros2_ws/src/mypkg/build/mypkg/build/lib/mypkg/listener.py -> /home/shiba777/ros2_ws/src/mypkg/install/mypkg/lib/python3.8/site-packages/mypkg
[1.067s] byte-compiling /home/shiba777/ros2_ws/src/mypkg/install/mypkg/lib/python3.8/site-packages/mypkg/listener.py to listener.cpython-38.pyc
[1.068s] running install_data
[1.069s] copying package.xml -> /home/shiba777/ros2_ws/src/mypkg/install/mypkg/share/mypkg
[1.069s] copying launch/talk_listen.launch.py -> /home/shiba777/ros2_ws/src/mypkg/install/mypkg/share/mypkg
[1.069s] running install_egg_info
[1.071s] removing '/home/shiba777/ros2_ws/src/mypkg/install/mypkg/lib/python3.8/site-packages/mypkg-0.0.0-py3.8.egg-info' (and everything under it)
[1.071s] Copying build/mypkg/mypkg.egg-info to /home/shiba777/ros2_ws/src/mypkg/install/mypkg/lib/python3.8/site-packages/mypkg-0.0.0-py3.8.egg-info
[1.072s] running install_scripts
[1.086s] Installing listener script to /home/shiba777/ros2_ws/src/mypkg/install/mypkg/lib/mypkg
[1.087s] Installing talker script to /home/shiba777/ros2_ws/src/mypkg/install/mypkg/lib/mypkg
[1.087s] writing list of installed files to '/home/shiba777/ros2_ws/src/mypkg/build/mypkg/install.log'
[1.105s] Invoked command in '/home/shiba777/ros2_ws/src/mypkg' returned '0': PYTHONPATH=/home/shiba777/ros2_ws/src/mypkg/build/mypkg/prefix_override:/home/shiba777/ros2_ws/src/mypkg/install/mypkg/lib/python3.8/site-packages:${PYTHONPATH} /usr/bin/python3 setup.py egg_info --egg-base build/mypkg build --build-base /home/shiba777/ros2_ws/src/mypkg/build/mypkg/build install --record /home/shiba777/ros2_ws/src/mypkg/build/mypkg/install.log --install-scripts $base/lib/mypkg --single-version-externally-managed
